C:\USERS\ALEX\DOCUMENTS\FINALPROJECT\FINALPROJECT\CLIENT\DEBUG\CLIENT.OBJ
C:\USERS\ALEX\DOCUMENTS\FINALPROJECT\FINALPROJECT\CLIENT\DEBUG\VC110.PDB
C:\USERS\ALEX\DOCUMENTS\FINALPROJECT\FINALPROJECT\DEBUG\CLIENT.ILK
C:\USERS\ALEX\DOCUMENTS\FINALPROJECT\FINALPROJECT\DEBUG\CLIENT.EXE
C:\USERS\ALEX\DOCUMENTS\FINALPROJECT\FINALPROJECT\DEBUG\CLIENT.PDB
C:\Users\Alex\Documents\FinalProject\FinalProject\Client\Debug\client.obj
C:\Users\Alex\Documents\FinalProject\FinalProject\Client\Debug\cl.command.1.tlog
C:\Users\Alex\Documents\FinalProject\FinalProject\Client\Debug\CL.read.1.tlog
C:\Users\Alex\Documents\FinalProject\FinalProject\Client\Debug\CL.write.1.tlog
C:\Users\Alex\Documents\FinalProject\FinalProject\Client\Debug\link-cvtres.read.1.tlog
C:\Users\Alex\Documents\FinalProject\FinalProject\Client\Debug\link-cvtres.write.1.tlog
C:\Users\Alex\Documents\FinalProject\FinalProject\Client\Debug\link-rc.read.1.tlog
C:\Users\Alex\Documents\FinalProject\FinalProject\Client\Debug\link-rc.write.1.tlog
C:\Users\Alex\Documents\FinalProject\FinalProject\Client\Debug\link.command.1.tlog
C:\Users\Alex\Documents\FinalProject\FinalProject\Client\Debug\link.read.1.tlog
C:\Users\Alex\Documents\FinalProject\FinalProject\Client\Debug\link.write.1.tlog
C:\Users\Alex\Documents\FinalProject\FinalProject\Client\Debug\vc110.idb
C:\Users\Alex\Documents\FinalProject\FinalProject\Client\Debug\vc110.pdb
C:\Users\Alex\Documents\FinalProject\FinalProject\Debug\Client.pdb
C:\Users\Alex\Documents\FinalProject\FinalProject\Debug\Client.exe
C:\Users\Alex\Documents\FinalProject\FinalProject\Debug\Client.ilk
