C:\USERS\ALEX\DOCUMENTS\FINALPROJECT\FINALPROJECT\SERVER\DEBUG\SERVER.OBJ
C:\USERS\ALEX\DOCUMENTS\FINALPROJECT\FINALPROJECT\SERVER\DEBUG\VC110.PDB
C:\USERS\ALEX\DOCUMENTS\FINALPROJECT\FINALPROJECT\DEBUG\SERVER.ILK
C:\USERS\ALEX\DOCUMENTS\FINALPROJECT\FINALPROJECT\DEBUG\SERVER.EXE
C:\USERS\ALEX\DOCUMENTS\FINALPROJECT\FINALPROJECT\DEBUG\SERVER.PDB
C:\Users\Alex\Documents\FinalProject\FinalProject\Server\Debug\server.obj
C:\Users\Alex\Documents\FinalProject\FinalProject\Server\Debug\cl.command.1.tlog
C:\Users\Alex\Documents\FinalProject\FinalProject\Server\Debug\CL.read.1.tlog
C:\Users\Alex\Documents\FinalProject\FinalProject\Server\Debug\CL.write.1.tlog
C:\Users\Alex\Documents\FinalProject\FinalProject\Server\Debug\link-cvtres.read.1.tlog
C:\Users\Alex\Documents\FinalProject\FinalProject\Server\Debug\link-cvtres.write.1.tlog
C:\Users\Alex\Documents\FinalProject\FinalProject\Server\Debug\link-rc.read.1.tlog
C:\Users\Alex\Documents\FinalProject\FinalProject\Server\Debug\link-rc.write.1.tlog
C:\Users\Alex\Documents\FinalProject\FinalProject\Server\Debug\link.command.1.tlog
C:\Users\Alex\Documents\FinalProject\FinalProject\Server\Debug\link.read.1.tlog
C:\Users\Alex\Documents\FinalProject\FinalProject\Server\Debug\link.write.1.tlog
C:\Users\Alex\Documents\FinalProject\FinalProject\Server\Debug\vc110.idb
C:\Users\Alex\Documents\FinalProject\FinalProject\Server\Debug\vc110.pdb
C:\Users\Alex\Documents\FinalProject\FinalProject\Debug\Server.pdb
C:\Users\Alex\Documents\FinalProject\FinalProject\Debug\Server.exe
C:\Users\Alex\Documents\FinalProject\FinalProject\Debug\Server.ilk
