Build started 2016/4/26 22:43:34.
Project "C:\Users\Alex\Documents\FinalProject\FinalProject_Socket\Server\Server.vcxproj" on node 2 (Build target(s)).
ClCompile:
  C:\Program Files (x86)\Microsoft Visual Studio 11.0\VC\bin\CL.exe /c /ZI /nologo /W3 /WX- /Od /Oy- /D _MBCS /Gm /EHsc /RTC1 /MDd /GS /fp:precise /Zc:wchar_t /Zc:forScope /Fo"Debug\\" /Fd"Debug\vc110.pdb" /Gd /TP /analyze- /errorReport:prompt server.cpp
  server.cpp
c:\users\alex\documents\finalproject\finalproject_socket\server\database.h(12): warning C4091: 'typedef ' : ignored on left of 'User' when no variable is declared
c:\users\alex\documents\finalproject\finalproject_socket\server\database.h(13): warning C4091: 'typedef ' : ignored on left of 'Message' when no variable is declared
c:\users\alex\documents\finalproject\finalproject_socket\server\server.cpp(176): warning C4018: '<' : signed/unsigned mismatch
c:\users\alex\documents\finalproject\finalproject_socket\server\server.cpp(146): warning C4101: 'iSendResult' : unreferenced local variable
c:\users\alex\documents\finalproject\finalproject_socket\server\server.cpp(285): warning C4996: 'strcpy': This function or variable may be unsafe. Consider using strcpy_s instead. To disable deprecation, use _CRT_SECURE_NO_WARNINGS. See online help for details.
          c:\program files (x86)\microsoft visual studio 11.0\vc\include\string.h(110) : see declaration of 'strcpy'
c:\users\alex\documents\finalproject\finalproject_socket\server\server.cpp(276): warning C4101: 'iSendResult' : unreferenced local variable
c:\users\alex\documents\finalproject\finalproject_socket\server\server.cpp(337): warning C4101: 'recvbuf' : unreferenced local variable
c:\users\alex\documents\finalproject\finalproject_socket\server\server.cpp(335): warning C4101: 'iResult' : unreferenced local variable
c:\users\alex\documents\finalproject\finalproject_socket\server\server.cpp(391): warning C4101: 'recvbuf' : unreferenced local variable
c:\users\alex\documents\finalproject\finalproject_socket\server\server.cpp(389): warning C4101: 'iResult' : unreferenced local variable
c:\users\alex\documents\finalproject\finalproject_socket\server\server.cpp(461): warning C4996: 'strcpy': This function or variable may be unsafe. Consider using strcpy_s instead. To disable deprecation, use _CRT_SECURE_NO_WARNINGS. See online help for details.
          c:\program files (x86)\microsoft visual studio 11.0\vc\include\string.h(110) : see declaration of 'strcpy'
c:\users\alex\documents\finalproject\finalproject_socket\server\server.cpp(522): warning C4996: 'strcpy': This function or variable may be unsafe. Consider using strcpy_s instead. To disable deprecation, use _CRT_SECURE_NO_WARNINGS. See online help for details.
          c:\program files (x86)\microsoft visual studio 11.0\vc\include\string.h(110) : see declaration of 'strcpy'
Link:
  C:\Program Files (x86)\Microsoft Visual Studio 11.0\VC\bin\link.exe /ERRORREPORT:PROMPT /OUT:"C:\Users\Alex\Documents\FinalProject\FinalProject_Socket\Debug\Server.exe" /INCREMENTAL /NOLOGO kernel32.lib user32.lib gdi32.lib winspool.lib comdlg32.lib advapi32.lib shell32.lib ole32.lib oleaut32.lib uuid.lib odbc32.lib odbccp32.lib /MANIFEST /MANIFESTUAC:"level='asInvoker' uiAccess='false'" /manifest:embed /DEBUG /PDB:"C:\Users\Alex\Documents\FinalProject\FinalProject_Socket\Debug\Server.pdb" /TLBID:1 /DYNAMICBASE /NXCOMPAT /IMPLIB:"C:\Users\Alex\Documents\FinalProject\FinalProject_Socket\Debug\Server.lib" /MACHINE:X86 Debug\server.obj
  Server.vcxproj -> C:\Users\Alex\Documents\FinalProject\FinalProject_Socket\Debug\Server.exe
Done Building Project "C:\Users\Alex\Documents\FinalProject\FinalProject_Socket\Server\Server.vcxproj" (Build target(s)).

Build succeeded.

Time Elapsed 00:00:03.68
